\BOOKMARK [1][-]{section.1}{Overview and Goals}{}% 1
\BOOKMARK [2][-]{subsection.1.1}{Overview}{section.1}% 2
\BOOKMARK [1][-]{section.2}{Description}{}% 3
\BOOKMARK [2][-]{subsection.2.1}{Solution Design}{section.2}% 4
\BOOKMARK [3][-]{subsubsection.2.1.1}{TreapMap}{subsection.2.1}% 5
\BOOKMARK [3][-]{subsubsection.2.1.2}{TreapNode}{subsection.2.1}% 6
\BOOKMARK [3][-]{subsubsection.2.1.3}{TreapMapIterator}{subsection.2.1}% 7
\BOOKMARK [2][-]{subsection.2.2}{Assumptions}{section.2}% 8
\BOOKMARK [1][-]{section.3}{Discussion}{}% 9
\BOOKMARK [2][-]{subsection.3.1}{Scope and Quality of Solution}{section.3}% 10
\BOOKMARK [2][-]{subsection.3.2}{TreapMap}{section.3}% 11
\BOOKMARK [3][-]{subsubsection.3.2.1}{Tree Rotations}{subsection.3.2}% 12
\BOOKMARK [3][-]{subsubsection.3.2.2}{insert\(\)}{subsection.3.2}% 13
\BOOKMARK [3][-]{subsubsection.3.2.3}{remove\(\)}{subsection.3.2}% 14
\BOOKMARK [3][-]{subsubsection.3.2.4}{lookup\(\)}{subsection.3.2}% 15
\BOOKMARK [3][-]{subsubsection.3.2.5}{split\(\)}{subsection.3.2}% 16
\BOOKMARK [3][-]{subsubsection.3.2.6}{join\(\)}{subsection.3.2}% 17
\BOOKMARK [3][-]{subsubsection.3.2.7}{Generics}{subsection.3.2}% 18
\BOOKMARK [3][-]{subsubsection.3.2.8}{Invalid Input}{subsection.3.2}% 19
\BOOKMARK [3][-]{subsubsection.3.2.9}{Space Complexity}{subsection.3.2}% 20
\BOOKMARK [2][-]{subsection.3.3}{TreapNode}{section.3}% 21
\BOOKMARK [3][-]{subsubsection.3.3.1}{Data Fields}{subsection.3.3}% 22
\BOOKMARK [3][-]{subsubsection.3.3.2}{Generics}{subsection.3.3}% 23
\BOOKMARK [2][-]{subsection.3.4}{TreapMapIterator}{section.3}% 24
\BOOKMARK [3][-]{subsubsection.3.4.1}{Algorithm}{subsection.3.4}% 25
\BOOKMARK [3][-]{subsubsection.3.4.2}{Concurrent Modification}{subsection.3.4}% 26
\BOOKMARK [2][-]{subsection.3.5}{Issues/Debugging}{section.3}% 27
\BOOKMARK [2][-]{subsection.3.6}{Edge Cases}{section.3}% 28
\BOOKMARK [2][-]{subsection.3.7}{Interesting Results}{section.3}% 29
\BOOKMARK [2][-]{subsection.3.8}{Karma}{section.3}% 30
\BOOKMARK [3][-]{subsubsection.3.8.1}{meld\(\)}{subsection.3.8}% 31
\BOOKMARK [3][-]{subsubsection.3.8.2}{Balance Statistics}{subsection.3.8}% 32
\BOOKMARK [1][-]{section.4}{Testing}{}% 33
\BOOKMARK [2][-]{subsection.4.1}{Black Box Testing}{section.4}% 34
\BOOKMARK [3][-]{subsubsection.4.1.1}{Black Box Testing on remove\(\), lookup\(\)}{subsection.4.1}% 35
\BOOKMARK [3][-]{subsubsection.4.1.2}{Black Box Testing on insert\(\), split\(\), join\(\)}{subsection.4.1}% 36
\BOOKMARK [3][-]{subsubsection.4.1.3}{Black Box Testing on Inavlid Input}{subsection.4.1}% 37
\BOOKMARK [3][-]{subsubsection.4.1.4}{Issues Found During Black Box Testing}{subsection.4.1}% 38
\BOOKMARK [2][-]{subsection.4.2}{White Box Testing}{section.4}% 39
\BOOKMARK [3][-]{subsubsection.4.2.1}{TreapNode White Box Testing}{subsection.4.2}% 40
\BOOKMARK [3][-]{subsubsection.4.2.2}{TreapMap White Box Testing}{subsection.4.2}% 41
\BOOKMARK [3][-]{subsubsection.4.2.3}{Issues Found During White Box Testing}{subsection.4.2}% 42
